<?xml version="1.0" encoding="UTF-8"?>
<!-- Generated by org.testng.reporters.JUnitReportReporter -->
<testsuite hostname="W-CH6TVP2" failures="0" tests="1" name="com.automation.framework.webapTestTools.reporting.com.automation.framework.test.SanityTests" time="91.879" errors="0" timestamp="31 May 2021 11:28:46 GMT" skipped="0">
  <testcase classname="com.automation.framework.webapTestTools.reporting.com.automation.framework.test.SanityTests" name="invoiceSearch" time="91.879"/>
</testsuite> <!-- com.automation.framework.webapTestTools.reporting.com.automation.framework.test.SanityTests -->
