<?xml version="1.0" encoding="UTF-8"?>
<!-- Generated by org.testng.reporters.JUnitReportReporter -->
<testsuite hostname="W-PF2TFBZ0" failures="0" tests="3" name="com.automation.framework.TmsShipments.ShipmentLifecycle_ANSELL" time="238.078" errors="0" timestamp="08 Mar 2022 09:27:22 GMT" skipped="0">
  <testcase classname="com.automation.framework.TmsShipments.ShipmentLifecycle_ANSELL" name="duplicateShipment" time="81.587"/>
  <testcase classname="com.automation.framework.TmsShipments.ShipmentLifecycle_ANSELL" name="duplicateShipment" time="82.155"/>
  <testcase classname="com.automation.framework.TmsShipments.ShipmentLifecycle_ANSELL" name="duplicateShipment" time="74.336"/>
</testsuite> <!-- com.automation.framework.TmsShipments.ShipmentLifecycle_ANSELL -->
