<?xml version="1.0" encoding="UTF-8"?>
<!-- Generated by org.testng.reporters.JUnitReportReporter -->
<testsuite hostname="W-PF2TFBZ0" failures="0" tests="1" name="com.automation.framework.webTests.SanityTests" time="27.901" errors="0" timestamp="09 May 2022 17:20:44 GMT" skipped="0">
  <testcase classname="com.automation.framework.webTests.SanityTests" name="addProduct" time="27.901"/>
</testsuite> <!-- com.automation.framework.webTests.SanityTests -->
